c:\users\administrator.msdn-special\desktop\포트폴리오\4학년 졸업작품(directx)\shooting-master-master\x64\debug\vc140.pdb
c:\users\administrator.msdn-special\desktop\포트폴리오\4학년 졸업작품(directx)\shooting-master-master\x64\debug\sound.obj
c:\users\administrator.msdn-special\desktop\포트폴리오\4학년 졸업작품(directx)\shooting-master-master\x64\debug\main.obj
c:\users\administrator.msdn-special\desktop\포트폴리오\4학년 졸업작품(directx)\shooting-master-master\x64\debug\pistol.obj
c:\users\administrator.msdn-special\desktop\포트폴리오\4학년 졸업작품(directx)\shooting-master-master\x64\debug\game.obj
c:\users\administrator.msdn-special\desktop\포트폴리오\4학년 졸업작품(directx)\shooting-master-master\x64\debug\bottle.obj
c:\users\administrator.msdn-special\desktop\포트폴리오\4학년 졸업작품(directx)\shooting-master-master\x64\debug\bullet.obj
c:\users\administrator.msdn-special\downloads\shooting-master-master\x64\debug\vc140.pdb
c:\users\administrator.msdn-special\downloads\shooting-master-master\x64\debug\sound.obj
c:\users\administrator.msdn-special\downloads\shooting-master-master\x64\debug\main.obj
c:\users\administrator.msdn-special\downloads\shooting-master-master\x64\debug\pistol.obj
c:\users\administrator.msdn-special\downloads\shooting-master-master\x64\debug\item.obj
c:\users\administrator.msdn-special\downloads\shooting-master-master\x64\debug\game.obj
c:\users\administrator.msdn-special\downloads\shooting-master-master\x64\debug\bottle.obj
c:\users\administrator.msdn-special\downloads\shooting-master-master\x64\debug\bullet.obj
c:\users\administrator.msdn-special\downloads\shooting-master-master\x64\debug\summonitem.obj
c:\users\administrator.msdn-special\downloads\shooting-master-master\x64\debug\score.obj
c:\users\administrator.msdn-special\downloads\shooting-master-master\x64\debug\gametime.obj
c:\users\administrator.msdn-special\downloads\shooting-master-master\x64\debug\dz.obj
c:\users\administrator.msdn-special\downloads\shooting-master-master\x64\debug\timer.obj
c:\users\administrator.msdn-special\downloads\shooting-master-master\x64\debug\summonitem2.obj
c:\users\administrator.msdn-special\desktop\포트폴리오\4학년 졸업작품(directx)\shooting-master-master\x64\debug\matrices49860489.ilk
c:\users\administrator.msdn-special\desktop\포트폴리오\4학년 졸업작품(directx)\shooting-master-master\x64\debug\matrices49860489.exe
c:\users\administrator.msdn-special\desktop\포트폴리오\4학년 졸업작품(directx)\shooting-master-master\x64\debug\matrices49860489.pdb
c:\users\administrator.msdn-special\downloads\shooting-master-master\x64\debug\matrices49860489.ilk
c:\users\administrator.msdn-special\downloads\shooting-master-master\x64\debug\matrices49860489.exe
c:\users\administrator.msdn-special\downloads\shooting-master-master\x64\debug\matrices49860489.pdb
c:\users\administrator.msdn-special\desktop\포트폴리오\4학년 졸업작품(directx)\shooting-master-master\x64\debug\matrices49860489.res
c:\users\administrator.msdn-special\downloads\shooting-master-master\x64\debug\matrices49860489.res
c:\users\administrator.msdn-special\downloads\shooting-master-master\x64\debug\matrices49860489.tlog\cl.command.1.tlog
c:\users\administrator.msdn-special\downloads\shooting-master-master\x64\debug\matrices49860489.tlog\cl.read.1.tlog
c:\users\administrator.msdn-special\downloads\shooting-master-master\x64\debug\matrices49860489.tlog\cl.write.1.tlog
c:\users\administrator.msdn-special\downloads\shooting-master-master\x64\debug\matrices49860489.tlog\link.command.1.tlog
c:\users\administrator.msdn-special\downloads\shooting-master-master\x64\debug\matrices49860489.tlog\link.read.1.tlog
c:\users\administrator.msdn-special\downloads\shooting-master-master\x64\debug\matrices49860489.tlog\link.write.1.tlog
c:\users\administrator.msdn-special\downloads\shooting-master-master\x64\debug\matrices49860489.tlog\rc.command.1.tlog
c:\users\administrator.msdn-special\downloads\shooting-master-master\x64\debug\matrices49860489.tlog\rc.read.1.tlog
c:\users\administrator.msdn-special\downloads\shooting-master-master\x64\debug\matrices49860489.tlog\rc.write.1.tlog
